<?xml version="1.0" encoding="UTF-8"?>
<!-- Generated by org.testng.reporters.JUnitXMLReporter -->
<testsuite hostname="KAI-DT136" name="Live Tests" tests="1" failures="1" timestamp="10 May 2016 14:59:54 GMT" time="187.68" errors="0">
  <testcase name="ValidAuthorisedPlayerLogin" time="183.123" classname="com.SchoolOfDragons.LiveGemsPageChecks.TestCase10">
    <failure type="java.lang.AssertionError" message="expected [true] but found [false]">
      <![CDATA[java.lang.AssertionError: expected [true] but found [false]
	at Pages.GemsPage.verifyPayPalPage(GemsPage.java:579)
	at Pages.GemsPage.verifySelectPaymentMethodDBandPaymentFormGeneral(GemsPage.java:488)
	at Pages.GemsPage.verifyFirstGemsOptionSelectPaymentMethodDBandPaymentForm(GemsPage.java:627)
	at Pages.GemsPage.verifySelectPaymentMethodDBandPaymentForm(GemsPage.java:633)
	at com.SchoolOfDragons.LiveGemsPageChecks.TestCase10.ValidAuthorisedPlayerLogin(TestCase10.java:86)
... Removed 28 stack frames]]>
    </failure>
  </testcase> <!-- ValidAuthorisedPlayerLogin -->
</testsuite> <!-- Live Tests -->
