<!DOCTYPE html PUBLIC "-//W3C//DTD XHTML 1.1//EN" "http://www.w3.org/TR/xhtml11/DTD/xhtml11.dtd">
<html xmlns="http://www.w3.org/1999/xhtml"><head><title>TestNG Report</title><style type="text/css">table {margin-bottom:10px;border-collapse:collapse;empty-cells:show}th,td {border:1px solid #009;padding:.25em .5em}th {vertical-align:bottom}td {vertical-align:top}table a {font-weight:bold}.stripe td {background-color: #E6EBF9}.num {text-align:right}.passedodd td {background-color: #3F3}.passedeven td {background-color: #0A0}.skippedodd td {background-color: #DDD}.skippedeven td {background-color: #CCC}.failedodd td,.attn {background-color: #F33}.failedeven td,.stripe .attn {background-color: #D00}.stacktrace {white-space:pre;font-family:monospace}.totop {font-size:85%;text-align:center;border-bottom:2px solid #000}</style></head><body><table><tr><th>Test</th><th># Passed</th><th># Skipped</th><th># Failed</th><th>Time (ms)</th><th>Included Groups</th><th>Excluded Groups</th></tr><tr><th colspan="7">Verify Select Payment DB and PayPal Payment form Suite</th></tr><tr><td><a href="#t0">Live Tests</a></td><td class="num">3</td><td class="num">0</td><td class="num attn">3</td><td class="num">647,144</td><td></td><td></td></tr></table><table><thead><tr><th>Class</th><th>Method</th><th>Start</th><th>Time (ms)</th></tr></thead><tbody><tr><th colspan="4">Verify Select Payment DB and PayPal Payment form Suite</th></tr></tbody><tbody id="t0"><tr><th colspan="4">Live Tests &#8212; failed (configuration methods)</th></tr><tr class="failedeven"><td rowspan="1">com.SchoolOfDragons.LiveGemsPageChecks.TestCase25</td><td><a href="#m0">tearDown</a></td><td rowspan="1">1463408508618</td><td rowspan="1">0</td></tr><tr><th colspan="4">Live Tests &#8212; failed</th></tr><tr class="failedeven"><td rowspan="1">com.SchoolOfDragons.LiveGemsPageChecks.TestCase22</td><td><a href="#m1">ValidAuthorisedPlayerLogin</a></td><td rowspan="1">1463408090844</td><td rowspan="1">97039</td></tr><tr class="failedodd"><td rowspan="1">com.SchoolOfDragons.LiveGemsPageChecks.TestCase23</td><td><a href="#m2">ValidAuthorisedPlayerLogin</a></td><td rowspan="1">1463408196667</td><td rowspan="1">98051</td></tr><tr class="failedeven"><td rowspan="1">com.SchoolOfDragons.LiveGemsPageChecks.TestCase25</td><td><a href="#m3">ValidAuthorisedPlayerLogin</a></td><td rowspan="1">1463408410252</td><td rowspan="1">96789</td></tr><tr><th colspan="4">Live Tests &#8212; passed</th></tr><tr class="passedeven"><td rowspan="1">com.SchoolOfDragons.LiveGemsPageChecks.TestCase20</td><td><a href="#m4">ValidAuthorisedPlayerLogin</a></td><td rowspan="1">1463407880533</td><td rowspan="1">99585</td></tr><tr class="passedodd"><td rowspan="1">com.SchoolOfDragons.LiveGemsPageChecks.TestCase21</td><td><a href="#m5">ValidAuthorisedPlayerLogin</a></td><td rowspan="1">1463407985713</td><td rowspan="1">100105</td></tr><tr class="passedeven"><td rowspan="1">com.SchoolOfDragons.LiveGemsPageChecks.TestCase24</td><td><a href="#m6">ValidAuthorisedPlayerLogin</a></td><td rowspan="1">1463408304291</td><td rowspan="1">101174</td></tr></tbody></table><h2>Live Tests</h2><h3 id="m0">com.SchoolOfDragons.LiveGemsPageChecks.TestCase25#tearDown</h3><table class="result"><tr><th>Exception</th></tr><tr><td><div class="stacktrace">java.lang.RuntimeException: Process refused to die after 10 seconds, and couldn&apos;t taskkill it: Timeout waiting for process to die
	at org.openqa.selenium.os.ProcessUtils.killWinProcess(ProcessUtils.java:143)
	at org.openqa.selenium.os.ProcessUtils.killProcess(ProcessUtils.java:81)
	at org.openqa.selenium.os.UnixProcess$SeleniumWatchDog.destroyHarder(UnixProcess.java:247)
	at org.openqa.selenium.os.UnixProcess$SeleniumWatchDog.access$200(UnixProcess.java:201)
	at org.openqa.selenium.os.UnixProcess.destroy(UnixProcess.java:125)
	at org.openqa.selenium.os.CommandLine.destroy(CommandLine.java:155)
	at org.openqa.selenium.firefox.FirefoxBinary.quit(FirefoxBinary.java:246)
	at org.openqa.selenium.firefox.internal.NewProfileExtensionConnection.quit(NewProfileExtensionConnection.java:194)
	at org.openqa.selenium.firefox.FirefoxDriver$LazyCommandExecutor.quit(FirefoxDriver.java:364)
	at org.openqa.selenium.firefox.FirefoxDriver.stopClient(FirefoxDriver.java:310)
	at org.openqa.selenium.remote.RemoteWebDriver.quit(RemoteWebDriver.java:529)
	at Factory.BrowserFactory.closeBrowser(BrowserFactory.java:37)
	at com.SchoolOfDragons.LiveGemsPageChecks.TestCase25.tearDown(TestCase25.java:105)
Caused by: org.openqa.selenium.os.ProcessUtils$ProcessStillAliveException: Timeout waiting for process to die
	at org.openqa.selenium.os.ProcessUtils.waitForProcessDeath(ProcessUtils.java:67)
	at org.openqa.selenium.os.ProcessUtils.killWinProcess(ProcessUtils.java:139)
	... 36 more
Caused by: java.lang.InterruptedException
	at java.lang.ProcessImpl.waitFor(Unknown Source)
	at org.openqa.selenium.os.ProcessUtils$ProcessWaiter.run(ProcessUtils.java:164)
	at java.lang.Thread.run(Unknown Source)
... Removed 24 stack frames</div></td></tr></table><p class="totop"><a href="#summary">back to summary</a></p><h3 id="m1">com.SchoolOfDragons.LiveGemsPageChecks.TestCase22#ValidAuthorisedPlayerLogin</h3><table class="result"><tr class="param"><th>Parameter #1</th></tr><tr class="param stripe"><td>Verify Select Payment DB and PayPal Payment form</td></tr><tr><th>Exception</th></tr><tr><td><div class="stacktrace">java.lang.AssertionError: expected [2] but found [1]
	at Pages.GemsPage.verifyPayPalPage(GemsPage.java:648)
	at Pages.GemsPage.verifySelectPaymentMethodDBandPaymentPayPalFormGeneral(GemsPage.java:487)
	at Pages.GemsPage.verifyThirdGemsOptionSelectPaymentMethodDBandPaymentFormPayPal(GemsPage.java:930)
	at com.SchoolOfDragons.LiveGemsPageChecks.TestCase22.ValidAuthorisedPlayerLogin(TestCase22.java:83)
... Removed 30 stack frames</div></td></tr></table><p class="totop"><a href="#summary">back to summary</a></p><h3 id="m2">com.SchoolOfDragons.LiveGemsPageChecks.TestCase23#ValidAuthorisedPlayerLogin</h3><table class="result"><tr class="param"><th>Parameter #1</th></tr><tr class="param stripe"><td>Verify Select Payment DB and PayPal Payment form</td></tr><tr><th>Exception</th></tr><tr><td><div class="stacktrace">java.lang.AssertionError: expected [2] but found [1]
	at Pages.GemsPage.verifyPayPalPage(GemsPage.java:648)
	at Pages.GemsPage.verifySelectPaymentMethodDBandPaymentPayPalFormGeneral(GemsPage.java:487)
	at Pages.GemsPage.verifyFourthGemsOptionSelectPaymentMethodDBandPaymentFormPayPal(GemsPage.java:985)
	at com.SchoolOfDragons.LiveGemsPageChecks.TestCase23.ValidAuthorisedPlayerLogin(TestCase23.java:83)
... Removed 30 stack frames</div></td></tr></table><p class="totop"><a href="#summary">back to summary</a></p><h3 id="m3">com.SchoolOfDragons.LiveGemsPageChecks.TestCase25#ValidAuthorisedPlayerLogin</h3><table class="result"><tr class="param"><th>Parameter #1</th></tr><tr class="param stripe"><td>Verify Select Payment DB and PayPal Payment form</td></tr><tr><th>Exception</th></tr><tr><td><div class="stacktrace">java.lang.AssertionError: expected [2] but found [1]
	at Pages.GemsPage.verifyPayPalPage(GemsPage.java:648)
	at Pages.GemsPage.verifySelectPaymentMethodDBandPaymentPayPalFormGeneral(GemsPage.java:487)
	at Pages.GemsPage.verifySixthGemsOptionSelectPaymentMethodDBandPaymentFormPayPal(GemsPage.java:1095)
	at com.SchoolOfDragons.LiveGemsPageChecks.TestCase25.ValidAuthorisedPlayerLogin(TestCase25.java:81)
... Removed 30 stack frames</div></td></tr></table><p class="totop"><a href="#summary">back to summary</a></p><h3 id="m4">com.SchoolOfDragons.LiveGemsPageChecks.TestCase20#ValidAuthorisedPlayerLogin</h3><table class="result"><tr class="param"><th>Parameter #1</th></tr><tr class="param stripe"><td>Verify Select Payment DB and PayPal Payment form</td></tr></table><p class="totop"><a href="#summary">back to summary</a></p><h3 id="m5">com.SchoolOfDragons.LiveGemsPageChecks.TestCase21#ValidAuthorisedPlayerLogin</h3><table class="result"><tr class="param"><th>Parameter #1</th></tr><tr class="param stripe"><td>Verify Select Payment DB and PayPal Payment form</td></tr></table><p class="totop"><a href="#summary">back to summary</a></p><h3 id="m6">com.SchoolOfDragons.LiveGemsPageChecks.TestCase24#ValidAuthorisedPlayerLogin</h3><table class="result"><tr class="param"><th>Parameter #1</th></tr><tr class="param stripe"><td>Verify Select Payment DB and PayPal Payment form</td></tr></table><p class="totop"><a href="#summary">back to summary</a></p></body></html>