<?xml version="1.0" encoding="UTF-8"?>
<!-- Generated by org.testng.reporters.JUnitXMLReporter -->
<testsuite hostname="KAI-DT136" name="Live Tests" tests="6" failures="3" timestamp="16 May 2016 14:21:58 GMT" time="647.144" errors="0">
  <testcase name="@AfterClass tearDown" time="0.0" classname="com.SchoolOfDragons.LiveGemsPageChecks.TestCase25">
    <failure type="java.lang.RuntimeException" message="Process refused to die after 10 seconds, and couldn&amp;apos;t taskkill it: Timeout waiting for process to die">
      <![CDATA[java.lang.RuntimeException: Process refused to die after 10 seconds, and couldn't taskkill it: Timeout waiting for process to die
	at org.openqa.selenium.os.ProcessUtils.killWinProcess(ProcessUtils.java:143)
	at org.openqa.selenium.os.ProcessUtils.killProcess(ProcessUtils.java:81)
	at org.openqa.selenium.os.UnixProcess$SeleniumWatchDog.destroyHarder(UnixProcess.java:247)
	at org.openqa.selenium.os.UnixProcess$SeleniumWatchDog.access$200(UnixProcess.java:201)
	at org.openqa.selenium.os.UnixProcess.destroy(UnixProcess.java:125)
	at org.openqa.selenium.os.CommandLine.destroy(CommandLine.java:155)
	at org.openqa.selenium.firefox.FirefoxBinary.quit(FirefoxBinary.java:246)
	at org.openqa.selenium.firefox.internal.NewProfileExtensionConnection.quit(NewProfileExtensionConnection.java:194)
	at org.openqa.selenium.firefox.FirefoxDriver$LazyCommandExecutor.quit(FirefoxDriver.java:364)
	at org.openqa.selenium.firefox.FirefoxDriver.stopClient(FirefoxDriver.java:310)
	at org.openqa.selenium.remote.RemoteWebDriver.quit(RemoteWebDriver.java:529)
	at Factory.BrowserFactory.closeBrowser(BrowserFactory.java:37)
	at com.SchoolOfDragons.LiveGemsPageChecks.TestCase25.tearDown(TestCase25.java:105)
Caused by: org.openqa.selenium.os.ProcessUtils$ProcessStillAliveException: Timeout waiting for process to die
	at org.openqa.selenium.os.ProcessUtils.waitForProcessDeath(ProcessUtils.java:67)
	at org.openqa.selenium.os.ProcessUtils.killWinProcess(ProcessUtils.java:139)
	... 36 more
Caused by: java.lang.InterruptedException
	at java.lang.ProcessImpl.waitFor(Unknown Source)
	at org.openqa.selenium.os.ProcessUtils$ProcessWaiter.run(ProcessUtils.java:164)
	at java.lang.Thread.run(Unknown Source)
... Removed 24 stack frames]]>
    </failure>
  </testcase> <!-- @AfterClass tearDown -->
  <testcase name="ValidAuthorisedPlayerLogin" time="99.585" classname="com.SchoolOfDragons.LiveGemsPageChecks.TestCase20"/>
  <testcase name="ValidAuthorisedPlayerLogin" time="100.105" classname="com.SchoolOfDragons.LiveGemsPageChecks.TestCase21"/>
  <testcase name="ValidAuthorisedPlayerLogin" time="97.039" classname="com.SchoolOfDragons.LiveGemsPageChecks.TestCase22">
    <failure type="java.lang.AssertionError" message="expected [2] but found [1]">
      <![CDATA[java.lang.AssertionError: expected [2] but found [1]
	at Pages.GemsPage.verifyPayPalPage(GemsPage.java:648)
	at Pages.GemsPage.verifySelectPaymentMethodDBandPaymentPayPalFormGeneral(GemsPage.java:487)
	at Pages.GemsPage.verifyThirdGemsOptionSelectPaymentMethodDBandPaymentFormPayPal(GemsPage.java:930)
	at com.SchoolOfDragons.LiveGemsPageChecks.TestCase22.ValidAuthorisedPlayerLogin(TestCase22.java:83)
... Removed 30 stack frames]]>
    </failure>
  </testcase> <!-- ValidAuthorisedPlayerLogin -->
  <testcase name="ValidAuthorisedPlayerLogin" time="98.051" classname="com.SchoolOfDragons.LiveGemsPageChecks.TestCase23">
    <failure type="java.lang.AssertionError" message="expected [2] but found [1]">
      <![CDATA[java.lang.AssertionError: expected [2] but found [1]
	at Pages.GemsPage.verifyPayPalPage(GemsPage.java:648)
	at Pages.GemsPage.verifySelectPaymentMethodDBandPaymentPayPalFormGeneral(GemsPage.java:487)
	at Pages.GemsPage.verifyFourthGemsOptionSelectPaymentMethodDBandPaymentFormPayPal(GemsPage.java:985)
	at com.SchoolOfDragons.LiveGemsPageChecks.TestCase23.ValidAuthorisedPlayerLogin(TestCase23.java:83)
... Removed 30 stack frames]]>
    </failure>
  </testcase> <!-- ValidAuthorisedPlayerLogin -->
  <testcase name="ValidAuthorisedPlayerLogin" time="101.174" classname="com.SchoolOfDragons.LiveGemsPageChecks.TestCase24"/>
  <testcase name="ValidAuthorisedPlayerLogin" time="96.789" classname="com.SchoolOfDragons.LiveGemsPageChecks.TestCase25">
    <failure type="java.lang.AssertionError" message="expected [2] but found [1]">
      <![CDATA[java.lang.AssertionError: expected [2] but found [1]
	at Pages.GemsPage.verifyPayPalPage(GemsPage.java:648)
	at Pages.GemsPage.verifySelectPaymentMethodDBandPaymentPayPalFormGeneral(GemsPage.java:487)
	at Pages.GemsPage.verifySixthGemsOptionSelectPaymentMethodDBandPaymentFormPayPal(GemsPage.java:1095)
	at com.SchoolOfDragons.LiveGemsPageChecks.TestCase25.ValidAuthorisedPlayerLogin(TestCase25.java:81)
... Removed 30 stack frames]]>
    </failure>
  </testcase> <!-- ValidAuthorisedPlayerLogin -->
</testsuite> <!-- Live Tests -->
