<html>
<head>
<title>TestNG:  Live Tests</title>
<link href="../testng.css" rel="stylesheet" type="text/css" />
<link href="../my-testng.css" rel="stylesheet" type="text/css" />

<style type="text/css">
.log { display: none;} 
.stack-trace { display: none;} 
</style>
<script type="text/javascript">
<!--
function flip(e) {
  current = e.style.display;
  if (current == 'block') {
    e.style.display = 'none';
    return 0;
  }
  else {
    e.style.display = 'block';
    return 1;
  }
}

function toggleBox(szDivId, elem, msg1, msg2)
{
  var res = -1;  if (document.getElementById) {
    res = flip(document.getElementById(szDivId));
  }
  else if (document.all) {
    // this is the way old msie versions work
    res = flip(document.all[szDivId]);
  }
  if(elem) {
    if(res == 0) elem.innerHTML = msg1; else elem.innerHTML = msg2;
  }

}

function toggleAllBoxes() {
  if (document.getElementsByTagName) {
    d = document.getElementsByTagName('div');
    for (i = 0; i < d.length; i++) {
      if (d[i].className == 'log') {
        flip(d[i]);
      }
    }
  }
}

// -->
</script>

</head>
<body>
<h2 align='center'>Live Tests</h2><table border='1' align="center">
<tr>
<td>Tests passed/Failed/Skipped:</td><td>3/3/0</td>
</tr><tr>
<td>Started on:</td><td>Mon May 16 19:41:11 IST 2016</td>
</tr>
<tr><td>Total time:</td><td>647 seconds (647144 ms)</td>
</tr><tr>
<td>Included groups:</td><td></td>
</tr><tr>
<td>Excluded groups:</td><td></td>
</tr>
</table><p/>
<small><i>(Hover the method name to see the test class name)</i></small><p/>
<table width='100%' border='1' class='invocation-failed'>
<tr><td colspan='4' align='center'><b>FAILED CONFIGURATIONS</b></td></tr>
<tr><td><b>Test method</b></td>
<td width="30%"><b>Exception</b></td>
<td width="10%"><b>Time (seconds)</b></td>
<td><b>Instance</b></td>
</tr>
<tr>
<td title='com.SchoolOfDragons.LiveGemsPageChecks.TestCase25.tearDown()'><b>tearDown</b><br>Test class: com.SchoolOfDragons.LiveGemsPageChecks.TestCase25</td>
<td><div><pre>java.lang.RuntimeException: Process refused to die after 10 seconds, and couldn&apos;t taskkill it: Timeout waiting for process to die
	at org.openqa.selenium.os.ProcessUtils.killWinProcess(ProcessUtils.java:143)
	at org.openqa.selenium.os.ProcessUtils.killProcess(ProcessUtils.java:81)
	at org.openqa.selenium.os.UnixProcess$SeleniumWatchDog.destroyHarder(UnixProcess.java:247)
	at org.openqa.selenium.os.UnixProcess$SeleniumWatchDog.access$200(UnixProcess.java:201)
	at org.openqa.selenium.os.UnixProcess.destroy(UnixProcess.java:125)
	at org.openqa.selenium.os.CommandLine.destroy(CommandLine.java:155)
	at org.openqa.selenium.firefox.FirefoxBinary.quit(FirefoxBinary.java:246)
	at org.openqa.selenium.firefox.internal.NewProfileExtensionConnection.quit(NewProfileExtensionConnection.java:194)
	at org.openqa.selenium.firefox.FirefoxDriver$LazyCommandExecutor.quit(FirefoxDriver.java:364)
	at org.openqa.selenium.firefox.FirefoxDriver.stopClient(FirefoxDriver.java:310)
	at org.openqa.selenium.remote.RemoteWebDriver.quit(RemoteWebDriver.java:529)
	at Factory.BrowserFactory.closeBrowser(BrowserFactory.java:37)
	at com.SchoolOfDragons.LiveGemsPageChecks.TestCase25.tearDown(TestCase25.java:105)
Caused by: org.openqa.selenium.os.ProcessUtils$ProcessStillAliveException: Timeout waiting for process to die
	at org.openqa.selenium.os.ProcessUtils.waitForProcessDeath(ProcessUtils.java:67)
	at org.openqa.selenium.os.ProcessUtils.killWinProcess(ProcessUtils.java:139)
	... 36 more
Caused by: java.lang.InterruptedException
	at java.lang.ProcessImpl.waitFor(Unknown Source)
	at org.openqa.selenium.os.ProcessUtils$ProcessWaiter.run(ProcessUtils.java:164)
	at java.lang.Thread.run(Unknown Source)
... Removed 24 stack frames</pre></div><a href='#' onClick='toggleBox("stack-trace1620459733", this, "Click to show all stack frames", "Click to hide stack frames")'>Click to show all stack frames</a>
<div class='stack-trace' id='stack-trace1620459733'><pre>java.lang.RuntimeException: Process refused to die after 10 seconds, and couldn&apos;t taskkill it: Timeout waiting for process to die
	at org.openqa.selenium.os.ProcessUtils.killWinProcess(ProcessUtils.java:143)
	at org.openqa.selenium.os.ProcessUtils.killProcess(ProcessUtils.java:81)
	at org.openqa.selenium.os.UnixProcess$SeleniumWatchDog.destroyHarder(UnixProcess.java:247)
	at org.openqa.selenium.os.UnixProcess$SeleniumWatchDog.access$200(UnixProcess.java:201)
	at org.openqa.selenium.os.UnixProcess.destroy(UnixProcess.java:125)
	at org.openqa.selenium.os.CommandLine.destroy(CommandLine.java:155)
	at org.openqa.selenium.firefox.FirefoxBinary.quit(FirefoxBinary.java:246)
	at org.openqa.selenium.firefox.internal.NewProfileExtensionConnection.quit(NewProfileExtensionConnection.java:194)
	at org.openqa.selenium.firefox.FirefoxDriver$LazyCommandExecutor.quit(FirefoxDriver.java:364)
	at org.openqa.selenium.firefox.FirefoxDriver.stopClient(FirefoxDriver.java:310)
	at org.openqa.selenium.remote.RemoteWebDriver.quit(RemoteWebDriver.java:529)
	at Factory.BrowserFactory.closeBrowser(BrowserFactory.java:37)
	at com.SchoolOfDragons.LiveGemsPageChecks.TestCase25.tearDown(TestCase25.java:105)
	at sun.reflect.NativeMethodAccessorImpl.invoke0(Native Method)
	at sun.reflect.NativeMethodAccessorImpl.invoke(Unknown Source)
	at sun.reflect.DelegatingMethodAccessorImpl.invoke(Unknown Source)
	at java.lang.reflect.Method.invoke(Unknown Source)
	at org.testng.internal.MethodInvocationHelper.invokeMethod(MethodInvocationHelper.java:86)
	at org.testng.internal.Invoker.invokeConfigurationMethod(Invoker.java:514)
	at org.testng.internal.Invoker.invokeConfigurations(Invoker.java:215)
	at org.testng.internal.Invoker.invokeConfigurations(Invoker.java:142)
	at org.testng.internal.TestMethodWorker.invokeAfterClassMethods(TestMethodWorker.java:232)
	at org.testng.internal.TestMethodWorker.run(TestMethodWorker.java:115)
	at org.testng.TestRunner.privateRun(TestRunner.java:782)
	at org.testng.TestRunner.run(TestRunner.java:632)
	at org.testng.SuiteRunner.runTest(SuiteRunner.java:366)
	at org.testng.SuiteRunner.runSequentially(SuiteRunner.java:361)
	at org.testng.SuiteRunner.privateRun(SuiteRunner.java:319)
	at org.testng.SuiteRunner.run(SuiteRunner.java:268)
	at org.testng.SuiteRunnerWorker.runSuite(SuiteRunnerWorker.java:52)
	at org.testng.SuiteRunnerWorker.run(SuiteRunnerWorker.java:86)
	at org.testng.TestNG.runSuitesSequentially(TestNG.java:1244)
	at org.testng.TestNG.runSuitesLocally(TestNG.java:1169)
	at org.testng.TestNG.run(TestNG.java:1064)
	at org.testng.remote.AbstractRemoteTestNG.run(AbstractRemoteTestNG.java:126)
	at org.testng.remote.RemoteTestNG.initAndRun(RemoteTestNG.java:137)
	at org.testng.remote.RemoteTestNG.main(RemoteTestNG.java:58)
Caused by: org.openqa.selenium.os.ProcessUtils$ProcessStillAliveException: Timeout waiting for process to die
	at org.openqa.selenium.os.ProcessUtils.waitForProcessDeath(ProcessUtils.java:67)
	at org.openqa.selenium.os.ProcessUtils.killWinProcess(ProcessUtils.java:139)
	... 36 more
Caused by: java.lang.InterruptedException
	at java.lang.ProcessImpl.waitFor(Unknown Source)
	at org.openqa.selenium.os.ProcessUtils$ProcessWaiter.run(ProcessUtils.java:164)
	at java.lang.Thread.run(Unknown Source)
</pre></div></td>
<td>0</td>
<td>com.SchoolOfDragons.LiveGemsPageChecks.TestCase25@59fa1d9b</td></tr>
</table><p>
<table width='100%' border='1' class='invocation-failed'>
<tr><td colspan='4' align='center'><b>FAILED TESTS</b></td></tr>
<tr><td><b>Test method</b></td>
<td width="30%"><b>Exception</b></td>
<td width="10%"><b>Time (seconds)</b></td>
<td><b>Instance</b></td>
</tr>
<tr>
<td title='com.SchoolOfDragons.LiveGemsPageChecks.TestCase22.ValidAuthorisedPlayerLogin()'><b>ValidAuthorisedPlayerLogin</b><br>Test class: com.SchoolOfDragons.LiveGemsPageChecks.TestCase22<br>Parameters: Verify Select Payment DB and PayPal Payment form</td>
<td><div><pre>java.lang.AssertionError: expected [2] but found [1]
	at Pages.GemsPage.verifyPayPalPage(GemsPage.java:648)
	at Pages.GemsPage.verifySelectPaymentMethodDBandPaymentPayPalFormGeneral(GemsPage.java:487)
	at Pages.GemsPage.verifyThirdGemsOptionSelectPaymentMethodDBandPaymentFormPayPal(GemsPage.java:930)
	at com.SchoolOfDragons.LiveGemsPageChecks.TestCase22.ValidAuthorisedPlayerLogin(TestCase22.java:83)
... Removed 30 stack frames</pre></div><a href='#' onClick='toggleBox("stack-trace1390301622", this, "Click to show all stack frames", "Click to hide stack frames")'>Click to show all stack frames</a>
<div class='stack-trace' id='stack-trace1390301622'><pre>java.lang.AssertionError: expected [2] but found [1]
	at org.testng.Assert.fail(Assert.java:94)
	at org.testng.Assert.failNotEquals(Assert.java:513)
	at org.testng.Assert.assertEqualsImpl(Assert.java:135)
	at org.testng.Assert.assertEquals(Assert.java:116)
	at org.testng.Assert.assertEquals(Assert.java:389)
	at org.testng.Assert.assertEquals(Assert.java:399)
	at Pages.GemsPage.verifyPayPalPage(GemsPage.java:648)
	at Pages.GemsPage.verifySelectPaymentMethodDBandPaymentPayPalFormGeneral(GemsPage.java:487)
	at Pages.GemsPage.verifyThirdGemsOptionSelectPaymentMethodDBandPaymentFormPayPal(GemsPage.java:930)
	at com.SchoolOfDragons.LiveGemsPageChecks.TestCase22.ValidAuthorisedPlayerLogin(TestCase22.java:83)
	at sun.reflect.NativeMethodAccessorImpl.invoke0(Native Method)
	at sun.reflect.NativeMethodAccessorImpl.invoke(Unknown Source)
	at sun.reflect.DelegatingMethodAccessorImpl.invoke(Unknown Source)
	at java.lang.reflect.Method.invoke(Unknown Source)
	at org.testng.internal.MethodInvocationHelper.invokeMethod(MethodInvocationHelper.java:86)
	at org.testng.internal.Invoker.invokeMethod(Invoker.java:643)
	at org.testng.internal.Invoker.invokeTestMethod(Invoker.java:820)
	at org.testng.internal.Invoker.invokeTestMethods(Invoker.java:1128)
	at org.testng.internal.TestMethodWorker.invokeTestMethods(TestMethodWorker.java:129)
	at org.testng.internal.TestMethodWorker.run(TestMethodWorker.java:112)
	at org.testng.TestRunner.privateRun(TestRunner.java:782)
	at org.testng.TestRunner.run(TestRunner.java:632)
	at org.testng.SuiteRunner.runTest(SuiteRunner.java:366)
	at org.testng.SuiteRunner.runSequentially(SuiteRunner.java:361)
	at org.testng.SuiteRunner.privateRun(SuiteRunner.java:319)
	at org.testng.SuiteRunner.run(SuiteRunner.java:268)
	at org.testng.SuiteRunnerWorker.runSuite(SuiteRunnerWorker.java:52)
	at org.testng.SuiteRunnerWorker.run(SuiteRunnerWorker.java:86)
	at org.testng.TestNG.runSuitesSequentially(TestNG.java:1244)
	at org.testng.TestNG.runSuitesLocally(TestNG.java:1169)
	at org.testng.TestNG.run(TestNG.java:1064)
	at org.testng.remote.AbstractRemoteTestNG.run(AbstractRemoteTestNG.java:126)
	at org.testng.remote.RemoteTestNG.initAndRun(RemoteTestNG.java:137)
	at org.testng.remote.RemoteTestNG.main(RemoteTestNG.java:58)
</pre></div></td>
<td>97</td>
<td>com.SchoolOfDragons.LiveGemsPageChecks.TestCase22@14acaea5</td></tr>
<tr>
<td title='com.SchoolOfDragons.LiveGemsPageChecks.TestCase23.ValidAuthorisedPlayerLogin()'><b>ValidAuthorisedPlayerLogin</b><br>Test class: com.SchoolOfDragons.LiveGemsPageChecks.TestCase23<br>Parameters: Verify Select Payment DB and PayPal Payment form</td>
<td><div><pre>java.lang.AssertionError: expected [2] but found [1]
	at Pages.GemsPage.verifyPayPalPage(GemsPage.java:648)
	at Pages.GemsPage.verifySelectPaymentMethodDBandPaymentPayPalFormGeneral(GemsPage.java:487)
	at Pages.GemsPage.verifyFourthGemsOptionSelectPaymentMethodDBandPaymentFormPayPal(GemsPage.java:985)
	at com.SchoolOfDragons.LiveGemsPageChecks.TestCase23.ValidAuthorisedPlayerLogin(TestCase23.java:83)
... Removed 30 stack frames</pre></div><a href='#' onClick='toggleBox("stack-trace295180183", this, "Click to show all stack frames", "Click to hide stack frames")'>Click to show all stack frames</a>
<div class='stack-trace' id='stack-trace295180183'><pre>java.lang.AssertionError: expected [2] but found [1]
	at org.testng.Assert.fail(Assert.java:94)
	at org.testng.Assert.failNotEquals(Assert.java:513)
	at org.testng.Assert.assertEqualsImpl(Assert.java:135)
	at org.testng.Assert.assertEquals(Assert.java:116)
	at org.testng.Assert.assertEquals(Assert.java:389)
	at org.testng.Assert.assertEquals(Assert.java:399)
	at Pages.GemsPage.verifyPayPalPage(GemsPage.java:648)
	at Pages.GemsPage.verifySelectPaymentMethodDBandPaymentPayPalFormGeneral(GemsPage.java:487)
	at Pages.GemsPage.verifyFourthGemsOptionSelectPaymentMethodDBandPaymentFormPayPal(GemsPage.java:985)
	at com.SchoolOfDragons.LiveGemsPageChecks.TestCase23.ValidAuthorisedPlayerLogin(TestCase23.java:83)
	at sun.reflect.NativeMethodAccessorImpl.invoke0(Native Method)
	at sun.reflect.NativeMethodAccessorImpl.invoke(Unknown Source)
	at sun.reflect.DelegatingMethodAccessorImpl.invoke(Unknown Source)
	at java.lang.reflect.Method.invoke(Unknown Source)
	at org.testng.internal.MethodInvocationHelper.invokeMethod(MethodInvocationHelper.java:86)
	at org.testng.internal.Invoker.invokeMethod(Invoker.java:643)
	at org.testng.internal.Invoker.invokeTestMethod(Invoker.java:820)
	at org.testng.internal.Invoker.invokeTestMethods(Invoker.java:1128)
	at org.testng.internal.TestMethodWorker.invokeTestMethods(TestMethodWorker.java:129)
	at org.testng.internal.TestMethodWorker.run(TestMethodWorker.java:112)
	at org.testng.TestRunner.privateRun(TestRunner.java:782)
	at org.testng.TestRunner.run(TestRunner.java:632)
	at org.testng.SuiteRunner.runTest(SuiteRunner.java:366)
	at org.testng.SuiteRunner.runSequentially(SuiteRunner.java:361)
	at org.testng.SuiteRunner.privateRun(SuiteRunner.java:319)
	at org.testng.SuiteRunner.run(SuiteRunner.java:268)
	at org.testng.SuiteRunnerWorker.runSuite(SuiteRunnerWorker.java:52)
	at org.testng.SuiteRunnerWorker.run(SuiteRunnerWorker.java:86)
	at org.testng.TestNG.runSuitesSequentially(TestNG.java:1244)
	at org.testng.TestNG.runSuitesLocally(TestNG.java:1169)
	at org.testng.TestNG.run(TestNG.java:1064)
	at org.testng.remote.AbstractRemoteTestNG.run(AbstractRemoteTestNG.java:126)
	at org.testng.remote.RemoteTestNG.initAndRun(RemoteTestNG.java:137)
	at org.testng.remote.RemoteTestNG.main(RemoteTestNG.java:58)
</pre></div></td>
<td>98</td>
<td>com.SchoolOfDragons.LiveGemsPageChecks.TestCase23@46d56d67</td></tr>
<tr>
<td title='com.SchoolOfDragons.LiveGemsPageChecks.TestCase25.ValidAuthorisedPlayerLogin()'><b>ValidAuthorisedPlayerLogin</b><br>Test class: com.SchoolOfDragons.LiveGemsPageChecks.TestCase25<br>Parameters: Verify Select Payment DB and PayPal Payment form</td>
<td><div><pre>java.lang.AssertionError: expected [2] but found [1]
	at Pages.GemsPage.verifyPayPalPage(GemsPage.java:648)
	at Pages.GemsPage.verifySelectPaymentMethodDBandPaymentPayPalFormGeneral(GemsPage.java:487)
	at Pages.GemsPage.verifySixthGemsOptionSelectPaymentMethodDBandPaymentFormPayPal(GemsPage.java:1095)
	at com.SchoolOfDragons.LiveGemsPageChecks.TestCase25.ValidAuthorisedPlayerLogin(TestCase25.java:81)
... Removed 30 stack frames</pre></div><a href='#' onClick='toggleBox("stack-trace1288108586", this, "Click to show all stack frames", "Click to hide stack frames")'>Click to show all stack frames</a>
<div class='stack-trace' id='stack-trace1288108586'><pre>java.lang.AssertionError: expected [2] but found [1]
	at org.testng.Assert.fail(Assert.java:94)
	at org.testng.Assert.failNotEquals(Assert.java:513)
	at org.testng.Assert.assertEqualsImpl(Assert.java:135)
	at org.testng.Assert.assertEquals(Assert.java:116)
	at org.testng.Assert.assertEquals(Assert.java:389)
	at org.testng.Assert.assertEquals(Assert.java:399)
	at Pages.GemsPage.verifyPayPalPage(GemsPage.java:648)
	at Pages.GemsPage.verifySelectPaymentMethodDBandPaymentPayPalFormGeneral(GemsPage.java:487)
	at Pages.GemsPage.verifySixthGemsOptionSelectPaymentMethodDBandPaymentFormPayPal(GemsPage.java:1095)
	at com.SchoolOfDragons.LiveGemsPageChecks.TestCase25.ValidAuthorisedPlayerLogin(TestCase25.java:81)
	at sun.reflect.NativeMethodAccessorImpl.invoke0(Native Method)
	at sun.reflect.NativeMethodAccessorImpl.invoke(Unknown Source)
	at sun.reflect.DelegatingMethodAccessorImpl.invoke(Unknown Source)
	at java.lang.reflect.Method.invoke(Unknown Source)
	at org.testng.internal.MethodInvocationHelper.invokeMethod(MethodInvocationHelper.java:86)
	at org.testng.internal.Invoker.invokeMethod(Invoker.java:643)
	at org.testng.internal.Invoker.invokeTestMethod(Invoker.java:820)
	at org.testng.internal.Invoker.invokeTestMethods(Invoker.java:1128)
	at org.testng.internal.TestMethodWorker.invokeTestMethods(TestMethodWorker.java:129)
	at org.testng.internal.TestMethodWorker.run(TestMethodWorker.java:112)
	at org.testng.TestRunner.privateRun(TestRunner.java:782)
	at org.testng.TestRunner.run(TestRunner.java:632)
	at org.testng.SuiteRunner.runTest(SuiteRunner.java:366)
	at org.testng.SuiteRunner.runSequentially(SuiteRunner.java:361)
	at org.testng.SuiteRunner.privateRun(SuiteRunner.java:319)
	at org.testng.SuiteRunner.run(SuiteRunner.java:268)
	at org.testng.SuiteRunnerWorker.runSuite(SuiteRunnerWorker.java:52)
	at org.testng.SuiteRunnerWorker.run(SuiteRunnerWorker.java:86)
	at org.testng.TestNG.runSuitesSequentially(TestNG.java:1244)
	at org.testng.TestNG.runSuitesLocally(TestNG.java:1169)
	at org.testng.TestNG.run(TestNG.java:1064)
	at org.testng.remote.AbstractRemoteTestNG.run(AbstractRemoteTestNG.java:126)
	at org.testng.remote.RemoteTestNG.initAndRun(RemoteTestNG.java:137)
	at org.testng.remote.RemoteTestNG.main(RemoteTestNG.java:58)
</pre></div></td>
<td>96</td>
<td>com.SchoolOfDragons.LiveGemsPageChecks.TestCase25@59fa1d9b</td></tr>
</table><p>
<table width='100%' border='1' class='invocation-passed'>
<tr><td colspan='4' align='center'><b>PASSED TESTS</b></td></tr>
<tr><td><b>Test method</b></td>
<td width="30%"><b>Exception</b></td>
<td width="10%"><b>Time (seconds)</b></td>
<td><b>Instance</b></td>
</tr>
<tr>
<td title='com.SchoolOfDragons.LiveGemsPageChecks.TestCase20.ValidAuthorisedPlayerLogin()'><b>ValidAuthorisedPlayerLogin</b><br>Test class: com.SchoolOfDragons.LiveGemsPageChecks.TestCase20<br>Parameters: Verify Select Payment DB and PayPal Payment form</td>
<td></td>
<td>99</td>
<td>com.SchoolOfDragons.LiveGemsPageChecks.TestCase20@4c70fda8</td></tr>
<tr>
<td title='com.SchoolOfDragons.LiveGemsPageChecks.TestCase21.ValidAuthorisedPlayerLogin()'><b>ValidAuthorisedPlayerLogin</b><br>Test class: com.SchoolOfDragons.LiveGemsPageChecks.TestCase21<br>Parameters: Verify Select Payment DB and PayPal Payment form</td>
<td></td>
<td>100</td>
<td>com.SchoolOfDragons.LiveGemsPageChecks.TestCase21@224edc67</td></tr>
<tr>
<td title='com.SchoolOfDragons.LiveGemsPageChecks.TestCase24.ValidAuthorisedPlayerLogin()'><b>ValidAuthorisedPlayerLogin</b><br>Test class: com.SchoolOfDragons.LiveGemsPageChecks.TestCase24<br>Parameters: Verify Select Payment DB and PayPal Payment form</td>
<td></td>
<td>101</td>
<td>com.SchoolOfDragons.LiveGemsPageChecks.TestCase24@d8355a8</td></tr>
</table><p>
</body>
</html>